<?xml version="1.0" encoding="UTF-8"?>
<testng-results skipped="0" failed="1" ignored="0" total="2" passed="1">
  <reporter-output>
  </reporter-output>
  <suite name="PortalValidation" duration-ms="121346" started-at="2017-07-26T10:07:34Z" finished-at="2017-07-26T10:09:35Z">
    <groups>
    </groups>
    <test name="SmokeScenario" duration-ms="121346" started-at="2017-07-26T10:07:34Z" finished-at="2017-07-26T10:09:35Z">
      <class name="testcase.VerifyLoginPage">
        <test-method status="PASS" signature="setUp()[pri:0, instance:testcase.VerifyLoginPage@f6c48ac]" name="setUp" is-config="true" duration-ms="28207" started-at="2017-07-26T15:39:03Z" finished-at="2017-07-26T15:39:31Z">
          <reporter-output>
          </reporter-output>
        </test-method> <!-- setUp -->
        <test-method status="FAIL" signature="testHomepage()[pri:0, instance:testcase.VerifyLoginPage@f6c48ac]" name="testHomepage" duration-ms="96" started-at="2017-07-26T15:39:31Z" finished-at="2017-07-26T15:39:31Z">
          <exception class="java.lang.AssertionError">
            <message>
              <![CDATA[expected [true] but found [false]]]>
            </message>
            <full-stacktrace>
              <![CDATA[java.lang.AssertionError: expected [true] but found [false]
	at org.testng.Assert.fail(Assert.java:93)
	at org.testng.Assert.failNotEquals(Assert.java:512)
	at org.testng.Assert.assertTrue(Assert.java:41)
	at org.testng.Assert.assertTrue(Assert.java:51)
	at testcase.VerifyLoginPage.testHomepage(VerifyLoginPage.java:56)
	at sun.reflect.NativeMethodAccessorImpl.invoke0(Native Method)
	at sun.reflect.NativeMethodAccessorImpl.invoke(Unknown Source)
	at sun.reflect.DelegatingMethodAccessorImpl.invoke(Unknown Source)
	at java.lang.reflect.Method.invoke(Unknown Source)
	at org.testng.internal.MethodInvocationHelper.invokeMethod(MethodInvocationHelper.java:108)
	at org.testng.internal.Invoker.invokeMethod(Invoker.java:661)
	at org.testng.internal.Invoker.invokeTestMethod(Invoker.java:869)
	at org.testng.internal.Invoker.invokeTestMethods(Invoker.java:1193)
	at org.testng.internal.TestMethodWorker.invokeTestMethods(TestMethodWorker.java:126)
	at org.testng.internal.TestMethodWorker.run(TestMethodWorker.java:109)
	at org.testng.TestRunner.privateRun(TestRunner.java:744)
	at org.testng.TestRunner.run(TestRunner.java:602)
	at org.testng.SuiteRunner.runTest(SuiteRunner.java:380)
	at org.testng.SuiteRunner.runSequentially(SuiteRunner.java:375)
	at org.testng.SuiteRunner.privateRun(SuiteRunner.java:340)
	at org.testng.SuiteRunner.run(SuiteRunner.java:289)
	at org.testng.SuiteRunnerWorker.runSuite(SuiteRunnerWorker.java:52)
	at org.testng.SuiteRunnerWorker.run(SuiteRunnerWorker.java:86)
	at org.testng.TestNG.runSuitesSequentially(TestNG.java:1301)
	at org.testng.TestNG.runSuitesLocally(TestNG.java:1226)
	at org.testng.TestNG.runSuites(TestNG.java:1144)
	at org.testng.TestNG.run(TestNG.java:1115)
	at org.testng.remote.AbstractRemoteTestNG.run(AbstractRemoteTestNG.java:132)
	at org.testng.remote.RemoteTestNG.initAndRun(RemoteTestNG.java:230)
	at org.testng.remote.RemoteTestNG.main(RemoteTestNG.java:76)
]]>
            </full-stacktrace>
          </exception> <!-- java.lang.AssertionError -->
          <reporter-output>
          </reporter-output>
        </test-method> <!-- testHomepage -->
        <test-method status="PASS" signature="closeBrowser(org.testng.ITestResult)[pri:0, instance:testcase.VerifyLoginPage@f6c48ac]" name="closeBrowser" is-config="true" duration-ms="4038" started-at="2017-07-26T15:39:31Z" finished-at="2017-07-26T15:39:35Z">
          <params>
            <param index="0">
              <value>
                <![CDATA[[TestResult name=testHomepage status=FAILURE method=VerifyLoginPage.testHomepage()[pri:0, instance:testcase.VerifyLoginPage@f6c48ac] output={null}]]]>
              </value>
            </param>
          </params>
          <reporter-output>
          </reporter-output>
        </test-method> <!-- closeBrowser -->
      </class> <!-- testcase.VerifyLoginPage -->
      <class name="testcase.VerifyHomePage">
        <test-method status="PASS" signature="setUp()[pri:0, instance:testcase.VerifyHomePage@464bee09]" name="setUp" is-config="true" duration-ms="83491" started-at="2017-07-26T15:37:35Z" finished-at="2017-07-26T15:38:58Z">
          <reporter-output>
          </reporter-output>
        </test-method> <!-- setUp -->
        <test-method status="PASS" signature="testHomepage()[pri:0, instance:testcase.VerifyHomePage@464bee09]" name="testHomepage" duration-ms="506" started-at="2017-07-26T15:38:58Z" finished-at="2017-07-26T15:38:59Z">
          <reporter-output>
          </reporter-output>
        </test-method> <!-- testHomepage -->
        <test-method status="PASS" signature="closeBrowser()[pri:0, instance:testcase.VerifyHomePage@464bee09]" name="closeBrowser" is-config="true" duration-ms="4267" started-at="2017-07-26T15:38:59Z" finished-at="2017-07-26T15:39:03Z">
          <reporter-output>
          </reporter-output>
        </test-method> <!-- closeBrowser -->
      </class> <!-- testcase.VerifyHomePage -->
    </test> <!-- SmokeScenario -->
  </suite> <!-- PortalValidation -->
</testng-results>
